2024-12-05 09:00:01 INFO [api-gateway] Request rate nominal: 1200 req/s across all clients
2024-12-05 09:00:02 INFO [cdn-edge] Cache hit ratio at 94% — edge nodes healthy
2024-12-05 09:10:15 WARN [rate-limiter] Client app-mobile-v3 approaching rate limit: 480/500 req/s
2024-12-05 09:10:30 WARN [api-gateway] Request latency increasing: p95 at 850ms (baseline: 200ms)
2024-12-05 09:11:00 ERROR [rate-limiter] Client app-mobile-v3 rate limit exceeded: 620/500 req/s — returning 429
2024-12-05 09:11:01 WARN [rate-limiter] 429 response rate at 12% of total traffic
2024-12-05 09:11:15 ERROR [backend-api] Request queue depth at 2400 — processing backlog growing
2024-12-05 09:11:30 WARN [api-gateway] Retry storm detected: app-mobile-v3 retrying 429s with no backoff
2024-12-05 09:11:45 ERROR [rate-limiter] Client app-mobile-v3 rate at 1100 req/s — retry storm amplifying load
2024-12-05 09:12:00 CRITICAL [api-gateway] Total request rate at 4500 req/s — approaching infrastructure capacity (5000 req/s)
2024-12-05 09:12:01 ERROR [backend-api] Connection pool exhausted: 200/200 connections in use — rejecting new requests
2024-12-05 09:12:15 WARN [cdn-edge] Cache hit ratio dropped to 62% — origin requests spiking
2024-12-05 09:12:30 ERROR [api-gateway] Multiple clients affected: app-web-v2 seeing 503s due to backend saturation
2024-12-05 09:13:00 WARN [waf-service] Anomaly detection triggered: traffic pattern matches DDoS signature
2024-12-05 09:13:01 INFO [waf-service] Activating DDoS mitigation mode — enabling challenge pages for suspicious IPs
2024-12-05 09:13:15 INFO [rate-limiter] Emergency rate limit applied: app-mobile-v3 throttled to 100 req/s
2024-12-05 09:13:30 INFO [waf-service] Blocked 340 IPs matching bot signature — traffic dropping
2024-12-05 09:14:00 WARN [backend-api] Request queue draining: depth at 800 (was 2400)
2024-12-05 09:14:30 INFO [api-gateway] Total request rate stabilizing at 2100 req/s
2024-12-05 09:15:00 INFO [backend-api] Connection pool utilization at 45% — service recovering
2024-12-05 09:15:01 INFO [cdn-edge] Cache hit ratio recovering: 78% and climbing
2024-12-05 09:16:00 WARN [rate-limiter] Post-incident: app-mobile-v3 client needs exponential backoff on 429 responses
2024-12-05 09:16:01 INFO [waf-service] DDoS mitigation mode deactivated — traffic patterns normal
